<?xml version="1.0" encoding="UTF-8"?>
<!-- Generated by org.testng.reporters.JUnitXMLReporter -->
<testsuite ignored="0" hostname="explpt291" failures="0" tests="2" name="Default test" time="407.543" errors="0" timestamp="12 Jul 2022 09:42:06 GMT">
  <testcase classname="com.automation.testcases.word.DocHomeWordFileTest" name="verifyModuleIconWordFile" time="64.129"/>
  <testcase classname="com.automation.testcases.word.DocHomeWordFileTest" name="verifyModuleIconWordFile" time="120.93"/>
</testsuite> <!-- Default test -->
