<?xml version="1.0" encoding="UTF-8"?>
<!-- Generated by org.testng.reporters.JUnitXMLReporter -->
<testsuite ignored="0" hostname="explpt291" failures="0" tests="2" name="Gdrive Test Cases" time="208.916" errors="0" timestamp="24 Jun 2022 11:20:44 GMT">
  <testcase classname="com.automation.testcases.word.FileUsingOCMSaveAsGoogleDocTest" name="verifyUsingOCMSaveAsGoogleDocWordFile" time="56.174"/>
  <testcase classname="com.automation.testcases.word.FileUsingOCMSaveAsGoogleDocTest" name="verifyUsingOCMSaveAsGoogleDocWordFile" time="41.457"/>
</testsuite> <!-- Gdrive Test Cases -->
